2022-10-06 00:46:06 | INFO  | com.test.LoggerApplication | Starting LoggerApplication using Java 17.0.4 on IN2-NOINB-SHCH with PID 14612 (C:\Users\shiva.chhokar\Documents\workspace-spring-tool-suite-4-4.15.3.RELEASE\Logger\target\classes started by shiva.chhokar in C:\Users\shiva.chhokar\Documents\workspace-spring-tool-suite-4-4.15.3.RELEASE\Logger)
2022-10-06 00:46:06 | INFO  | com.test.LoggerApplication | No active profile set, falling back to 1 default profile: "default"
2022-10-06 00:46:07 | INFO  | org.springframework.boot.web.embedded.tomcat.TomcatWebServer | Tomcat initialized with port(s): 8080 (http)
2022-10-06 00:46:07 | INFO  | org.apache.catalina.core.StandardService | Starting service [Tomcat]
2022-10-06 00:46:07 | INFO  | org.apache.catalina.core.StandardEngine | Starting Servlet engine: [Apache Tomcat/9.0.65]
2022-10-06 00:46:07 | INFO  | org.apache.catalina.core.ContainerBase.[Tomcat].[localhost].[/] | Initializing Spring embedded WebApplicationContext
2022-10-06 00:46:07 | INFO  | org.springframework.boot.web.servlet.context.ServletWebServerApplicationContext | Root WebApplicationContext: initialization completed in 936 ms
2022-10-06 00:46:07 | INFO  | org.springframework.boot.web.embedded.tomcat.TomcatWebServer | Tomcat started on port(s): 8080 (http) with context path ''
2022-10-06 00:46:07 | INFO  | com.test.LoggerApplication | Started LoggerApplication in 1.837 seconds (JVM running for 2.816)
2022-10-06 00:47:39 | INFO  | org.apache.catalina.core.ContainerBase.[Tomcat].[localhost].[/] | Initializing Spring DispatcherServlet 'dispatcherServlet'
2022-10-06 00:47:39 | INFO  | org.springframework.web.servlet.DispatcherServlet | Initializing Servlet 'dispatcherServlet'
2022-10-06 00:47:39 | INFO  | org.springframework.web.servlet.DispatcherServlet | Completed initialization in 2 ms
2022-10-06 00:47:39 | INFO  | com.test.controller.LogMessage | info message
2022-10-06 00:47:39 | WARN  | com.test.controller.LogMessage | warn message
2022-10-06 00:47:39 | DEBUG | com.test.controller.LogMessage | debug message
2022-10-06 00:47:39 | ERROR | com.test.controller.LogMessage | error message
2022-10-06 02:59:16 | INFO  | com.test.LoggerApplication | Starting LoggerApplication using Java 17.0.4 on IN2-NOINB-SHCH with PID 2820 (C:\Users\shiva.chhokar\Documents\workspace-spring-tool-suite-4-4.15.3.RELEASE\Logger\target\classes started by shiva.chhokar in C:\Users\shiva.chhokar\Documents\workspace-spring-tool-suite-4-4.15.3.RELEASE\Logger)
2022-10-06 02:59:16 | INFO  | com.test.LoggerApplication | No active profile set, falling back to 1 default profile: "default"
2022-10-06 02:59:17 | INFO  | org.springframework.boot.web.embedded.tomcat.TomcatWebServer | Tomcat initialized with port(s): 8080 (http)
2022-10-06 02:59:17 | INFO  | org.apache.catalina.core.StandardService | Starting service [Tomcat]
2022-10-06 02:59:17 | INFO  | org.apache.catalina.core.StandardEngine | Starting Servlet engine: [Apache Tomcat/9.0.65]
2022-10-06 02:59:17 | INFO  | org.apache.catalina.core.ContainerBase.[Tomcat].[localhost].[/] | Initializing Spring embedded WebApplicationContext
2022-10-06 02:59:17 | INFO  | org.springframework.boot.web.servlet.context.ServletWebServerApplicationContext | Root WebApplicationContext: initialization completed in 1153 ms
2022-10-06 02:59:18 | WARN  | org.springframework.boot.web.servlet.context.AnnotationConfigServletWebServerApplicationContext | Exception encountered during context initialization - cancelling refresh attempt: org.springframework.beans.factory.BeanCreationException: Error creating bean with name 'requestMappingHandlerMapping' defined in class path resource [org/springframework/boot/autoconfigure/web/servlet/WebMvcAutoConfiguration$EnableWebMvcConfiguration.class]: Invocation of init method failed; nested exception is java.lang.IllegalStateException: Ambiguous mapping. Cannot map 'swaggerController' method 
com.test.controller.SwaggerController#info()
to {GET [/get]}: There is already 'logMessage' bean method
com.test.controller.LogMessage#message() mapped.
2022-10-06 02:59:18 | INFO  | org.apache.catalina.core.StandardService | Stopping service [Tomcat]
2022-10-06 02:59:18 | INFO  | org.springframework.boot.autoconfigure.logging.ConditionEvaluationReportLoggingListener | 

Error starting ApplicationContext. To display the conditions report re-run your application with 'debug' enabled.
2022-10-06 02:59:18 | ERROR | org.springframework.boot.SpringApplication | Application run failed
org.springframework.beans.factory.BeanCreationException: Error creating bean with name 'requestMappingHandlerMapping' defined in class path resource [org/springframework/boot/autoconfigure/web/servlet/WebMvcAutoConfiguration$EnableWebMvcConfiguration.class]: Invocation of init method failed; nested exception is java.lang.IllegalStateException: Ambiguous mapping. Cannot map 'swaggerController' method 
com.test.controller.SwaggerController#info()
to {GET [/get]}: There is already 'logMessage' bean method
com.test.controller.LogMessage#message() mapped.
	at org.springframework.beans.factory.support.AbstractAutowireCapableBeanFactory.initializeBean(AbstractAutowireCapableBeanFactory.java:1804)
	at org.springframework.beans.factory.support.AbstractAutowireCapableBeanFactory.doCreateBean(AbstractAutowireCapableBeanFactory.java:620)
	at org.springframework.beans.factory.support.AbstractAutowireCapableBeanFactory.createBean(AbstractAutowireCapableBeanFactory.java:542)
	at org.springframework.beans.factory.support.AbstractBeanFactory.lambda$doGetBean$0(AbstractBeanFactory.java:335)
	at org.springframework.beans.factory.support.DefaultSingletonBeanRegistry.getSingleton(DefaultSingletonBeanRegistry.java:234)
	at org.springframework.beans.factory.support.AbstractBeanFactory.doGetBean(AbstractBeanFactory.java:333)
	at org.springframework.beans.factory.support.AbstractBeanFactory.getBean(AbstractBeanFactory.java:208)
	at org.springframework.beans.factory.support.DefaultListableBeanFactory.preInstantiateSingletons(DefaultListableBeanFactory.java:955)
	at org.springframework.context.support.AbstractApplicationContext.finishBeanFactoryInitialization(AbstractApplicationContext.java:918)
	at org.springframework.context.support.AbstractApplicationContext.refresh(AbstractApplicationContext.java:583)
	at org.springframework.boot.web.servlet.context.ServletWebServerApplicationContext.refresh(ServletWebServerApplicationContext.java:147)
	at org.springframework.boot.SpringApplication.refresh(SpringApplication.java:734)
	at org.springframework.boot.SpringApplication.refreshContext(SpringApplication.java:408)
	at org.springframework.boot.SpringApplication.run(SpringApplication.java:308)
	at org.springframework.boot.SpringApplication.run(SpringApplication.java:1306)
	at org.springframework.boot.SpringApplication.run(SpringApplication.java:1295)
	at com.test.LoggerApplication.main(LoggerApplication.java:10)
Caused by: java.lang.IllegalStateException: Ambiguous mapping. Cannot map 'swaggerController' method 
com.test.controller.SwaggerController#info()
to {GET [/get]}: There is already 'logMessage' bean method
com.test.controller.LogMessage#message() mapped.
	at org.springframework.web.servlet.handler.AbstractHandlerMethodMapping$MappingRegistry.validateMethodMapping(AbstractHandlerMethodMapping.java:669)
	at org.springframework.web.servlet.handler.AbstractHandlerMethodMapping$MappingRegistry.register(AbstractHandlerMethodMapping.java:635)
	at org.springframework.web.servlet.handler.AbstractHandlerMethodMapping.registerHandlerMethod(AbstractHandlerMethodMapping.java:332)
	at org.springframework.web.servlet.mvc.method.annotation.RequestMappingHandlerMapping.registerHandlerMethod(RequestMappingHandlerMapping.java:420)
	at org.springframework.web.servlet.mvc.method.annotation.RequestMappingHandlerMapping.registerHandlerMethod(RequestMappingHandlerMapping.java:76)
	at org.springframework.web.servlet.handler.AbstractHandlerMethodMapping.lambda$detectHandlerMethods$2(AbstractHandlerMethodMapping.java:299)
	at java.base/java.util.LinkedHashMap.forEach(LinkedHashMap.java:721)
	at org.springframework.web.servlet.handler.AbstractHandlerMethodMapping.detectHandlerMethods(AbstractHandlerMethodMapping.java:297)
	at org.springframework.web.servlet.handler.AbstractHandlerMethodMapping.processCandidateBean(AbstractHandlerMethodMapping.java:266)
	at org.springframework.web.servlet.handler.AbstractHandlerMethodMapping.initHandlerMethods(AbstractHandlerMethodMapping.java:225)
	at org.springframework.web.servlet.handler.AbstractHandlerMethodMapping.afterPropertiesSet(AbstractHandlerMethodMapping.java:213)
	at org.springframework.web.servlet.mvc.method.annotation.RequestMappingHandlerMapping.afterPropertiesSet(RequestMappingHandlerMapping.java:205)
	at org.springframework.beans.factory.support.AbstractAutowireCapableBeanFactory.invokeInitMethods(AbstractAutowireCapableBeanFactory.java:1863)
	at org.springframework.beans.factory.support.AbstractAutowireCapableBeanFactory.initializeBean(AbstractAutowireCapableBeanFactory.java:1800)
	... 16 common frames omitted
2022-10-06 03:00:18 | INFO  | com.test.LoggerApplication | Starting LoggerApplication using Java 17.0.4 on IN2-NOINB-SHCH with PID 8880 (C:\Users\shiva.chhokar\Documents\workspace-spring-tool-suite-4-4.15.3.RELEASE\Logger\target\classes started by shiva.chhokar in C:\Users\shiva.chhokar\Documents\workspace-spring-tool-suite-4-4.15.3.RELEASE\Logger)
2022-10-06 03:00:18 | INFO  | com.test.LoggerApplication | No active profile set, falling back to 1 default profile: "default"
2022-10-06 03:00:19 | INFO  | org.springframework.boot.web.embedded.tomcat.TomcatWebServer | Tomcat initialized with port(s): 8080 (http)
2022-10-06 03:00:19 | INFO  | org.apache.catalina.core.StandardService | Starting service [Tomcat]
2022-10-06 03:00:19 | INFO  | org.apache.catalina.core.StandardEngine | Starting Servlet engine: [Apache Tomcat/9.0.65]
2022-10-06 03:00:19 | INFO  | org.apache.catalina.core.ContainerBase.[Tomcat].[localhost].[/] | Initializing Spring embedded WebApplicationContext
2022-10-06 03:00:19 | INFO  | org.springframework.boot.web.servlet.context.ServletWebServerApplicationContext | Root WebApplicationContext: initialization completed in 1016 ms
2022-10-06 03:00:19 | INFO  | org.springframework.boot.web.embedded.tomcat.TomcatWebServer | Tomcat started on port(s): 8080 (http) with context path ''
2022-10-06 03:00:19 | INFO  | com.test.LoggerApplication | Started LoggerApplication in 2.068 seconds (JVM running for 2.91)
2022-10-06 03:24:24 | INFO  | org.apache.catalina.core.ContainerBase.[Tomcat].[localhost].[/] | Initializing Spring DispatcherServlet 'dispatcherServlet'
2022-10-06 03:24:24 | INFO  | org.springframework.web.servlet.DispatcherServlet | Initializing Servlet 'dispatcherServlet'
2022-10-06 03:24:24 | INFO  | org.springframework.web.servlet.DispatcherServlet | Completed initialization in 3 ms
2022-10-06 04:14:34 | INFO  | org.springframework.boot.admin.SpringApplicationAdminMXBeanRegistrar$SpringApplicationAdmin | Application shutdown requested.
2022-10-06 04:14:34 | INFO  | org.apache.catalina.core.StandardService | Stopping service [Tomcat]
2022-10-06 04:14:34 | INFO  | org.apache.catalina.core.ContainerBase.[Tomcat].[localhost].[/] | Destroying Spring FrameworkServlet 'dispatcherServlet'
